<?xml version="1.0" encoding="UTF-8"?>
<testng-results ignored="0" total="1" passed="1" failed="0" skipped="0">
  <reporter-output>
  </reporter-output>
  <suite started-at="2023-03-03T17:33:53 IST" name="Suite" finished-at="2023-03-03T17:34:14 IST" duration-ms="20212">
    <groups>
    </groups>
    <test started-at="2023-03-03T17:33:53 IST" name="Test" finished-at="2023-03-03T17:34:14 IST" duration-ms="20212">
      <class name="com.knila.test.Test">
        <test-method is-config="true" signature="startTest()[pri:0, instance:com.knila.test.Test@3527942a]" started-at="2023-03-03T17:33:53 IST" name="startTest" finished-at="2023-03-03T17:33:54 IST" duration-ms="296" status="PASS">
          <reporter-output>
          </reporter-output>
        </test-method> <!-- startTest -->
        <test-method is-config="true" signature="beforeClass()[pri:0, instance:com.knila.test.Test@3527942a]" started-at="2023-03-03T17:33:54 IST" name="beforeClass" finished-at="2023-03-03T17:33:57 IST" duration-ms="3731" status="PASS">
          <reporter-output>
          </reporter-output>
        </test-method> <!-- beforeClass -->
        <test-method signature="purchaseTest()[pri:0, instance:com.knila.test.Test@3527942a]" started-at="2023-03-03T17:33:57 IST" name="purchaseTest" finished-at="2023-03-03T17:34:13 IST" duration-ms="15266" status="PASS">
          <reporter-output>
          </reporter-output>
        </test-method> <!-- purchaseTest -->
        <test-method is-config="true" signature="after(org.testng.ITestResult)[pri:0, instance:com.knila.test.Test@3527942a]" started-at="2023-03-03T17:34:13 IST" name="after" finished-at="2023-03-03T17:34:13 IST" duration-ms="8" status="PASS">
          <params>
            <param index="0">
              <value>
                <![CDATA[[TestResult name=purchaseTest status=SUCCESS method=Test.purchaseTest()[pri:0, instance:com.knila.test.Test@3527942a] output={null}]]]>
              </value>
            </param>
          </params>
          <reporter-output>
          </reporter-output>
        </test-method> <!-- after -->
        <test-method is-config="true" signature="afterClass()[pri:0, instance:com.knila.test.Test@3527942a]" started-at="2023-03-03T17:34:13 IST" name="afterClass" finished-at="2023-03-03T17:34:14 IST" duration-ms="835" status="PASS">
          <reporter-output>
          </reporter-output>
        </test-method> <!-- afterClass -->
      </class> <!-- com.knila.test.Test -->
    </test> <!-- Test -->
  </suite> <!-- Suite -->
</testng-results>
